signature: HUI
quantity: 87

| ip |		COMMAND		|	TYPE		ASM_CODE	|	ERROR
|0000|		in          |	cmd    		7       	|	 0
|0001|		push        |	cmd    		65537   	|	 0
|0002|		2           |	val    		2       	|	 0
|0003|		pow         |	cmd    		10      	|	 0
|0004|		pop         |	cmd    		131074  	|	 0
|0005|		dx          |	reg    		24      	|	 0
|0006|		push        |	cmd    		65537   	|	 0
|0007|		24          |	val    		24      	|	 0
|0008|		push        |	cmd    		131073  	|	 0
|0009|		dx          |	reg    		24      	|	 0
|0010|		sqrt        |	cmd    		15      	|	 0
|0011|		sub         |	cmd    		4       	|	 0
|0012|		pop         |	cmd    		131074  	|	 0
|0013|		ax          |	reg    		21      	|	 0
|0014|		push        |	cmd    		131073  	|	 0
|0015|		dx          |	reg    		24      	|	 0
|0016|		push        |	cmd    		131073  	|	 0
|0017|		ax          |	reg    		21      	|	 0
|0018|		push        |	cmd    		65537   	|	 0
|0019|		24          |	val    		24      	|	 0
|0020|		sub         |	cmd    		4       	|	 0
|0021|		push        |	cmd    		65537   	|	 0
|0022|		2           |	val    		2       	|	 0
|0023|		pow         |	cmd    		10      	|	 0
|0024|		sub         |	cmd    		4       	|	 0
|0025|		sqrt        |	cmd    		15      	|	 0
|0026|		pop         |	cmd    		131074  	|	 0
|0027|		cx          |	reg    		23      	|	 0
|0028|		push        |	cmd    		65537   	|	 0
|0029|		-24         |	val    		-24     	|	 0
|0030|		push        |	cmd    		131073  	|	 0
|0031|		cx          |	reg    		23      	|	 0
|0032|		add         |	cmd    		3       	|	 0
|0033|		push        |	cmd    		65537   	|	 0
|0034|		-1          |	val    		-1      	|	 0
|0035|		mul         |	cmd    		5       	|	 0
|0036|		push        |	cmd    		65537   	|	 0
|0037|		48          |	val    		48      	|	 0
|0038|		mul         |	cmd    		5       	|	 0
|0039|		push        |	cmd    		131073  	|	 0
|0040|		ax          |	reg    		21      	|	 0
|0041|		add         |	cmd    		3       	|	 0
|0042|		pop         |	cmd    		131074  	|	 0
|0043|		bx          |	reg    		22      	|	 0
|0044|		push        |	cmd    		65537   	|	 0
|0045|		1           |	val    		1       	|	 0
|0046|		pop         |	cmd    		393218  	|	 0
|0047|		bx          |	reg    		22      	|	 0
|0048|		push        |	cmd    		65537   	|	 0
|0049|		-24         |	val    		-24     	|	 0
|0050|		push        |	cmd    		131073  	|	 0
|0051|		cx          |	reg    		23      	|	 0
|0052|		sub         |	cmd    		4       	|	 0
|0053|		push        |	cmd    		65537   	|	 0
|0054|		-1          |	val    		-1      	|	 0
|0055|		mul         |	cmd    		5       	|	 0
|0056|		push        |	cmd    		65537   	|	 0
|0057|		48          |	val    		48      	|	 0
|0058|		mul         |	cmd    		5       	|	 0
|0059|		push        |	cmd    		131073  	|	 0
|0060|		ax          |	reg    		21      	|	 0
|0061|		add         |	cmd    		3       	|	 0
|0062|		pop         |	cmd    		131074  	|	 0
|0063|		bx          |	reg    		22      	|	 0
|0064|		push        |	cmd    		65537   	|	 0
|0065|		1           |	val    		1       	|	 0
|0066|		pop         |	cmd    		393218  	|	 0
|0067|		bx          |	reg    		22      	|	 0
|0068|		push        |	cmd    		131073  	|	 0
|0069|		ax          |	reg    		21      	|	 0
|0070|		push        |	cmd    		65537   	|	 0
|0071|		1           |	val    		1       	|	 0
|0072|		add         |	cmd    		3       	|	 0
|0073|		pop         |	cmd    		131074  	|	 0
|0074|		ax          |	reg    		21      	|	 0
|0075|		push        |	cmd    		131073  	|	 0
|0076|		ax          |	reg    		21      	|	 0
|0077|		push        |	cmd    		65537   	|	 0
|0078|		24          |	val    		24      	|	 0
|0079|		push        |	cmd    		131073  	|	 0
|0080|		dx          |	reg    		24      	|	 0
|0081|		sqrt        |	cmd    		15      	|	 0
|0082|		add         |	cmd    		3       	|	 0
|0083|		jle         |	jmp    		38      	|	 0
|0084|		:loop       |	flg    		14      	|	 0
|0085|		ram_dump    |	cmd    		19      	|	 0
|0086|		hlt         |	cmd    		0       	|	 0
