Turbo Assembler	 Version 4.1	    02/13/24 22:42:01	    Page 1
task1.asm



      1	0000			     .model tiny			     ; the directive indicating	the size of the	valiable    +
      2				     memory segment
      3	0000			     .code				     ; the directive of	the beginning of the code segment
      4				     .186				     ; the directive that defines which	processor version   +
      5				     the code is instended for
      6				     org 100h				     ; location	in the memory of the first command
      7				     LOCALS @@
      8
      9				     ;===============================================================================================
     10				     ===========
     11
     12	      =001A		     FrmH equ 26d
     13	      =0050		     FrmW equ 80d			     ; should be FrmW %	4 == 0
     14
     15
     16				     EXIT    macro
     17						     nop
     18						     mov ax, 4c00h
     19						     int 21h
     20						     nop
     21						     endm
     22
     23				     ;=======================
     24
     25	0100			     Start:
     26	0100  BB B800			     mov bx, 0b800h
     27	0103  8E C3			     mov es, bx
     28	0105  33 DB			     xor bx, bx
     29
     30	0107  E8 0007			     call PrintFrame
     31
     32					     EXIT
1    33	010A  90				     nop
1    34	010B  B8 4C00				     mov ax, 4c00h
1    35	010E  CD 21				     int 21h
1    36	0110  90				     nop
     37
     38
     39				     ;==========================================
     40				     ; Prints frame
     41				     ;------------------------------------------
     42				     ; Entry:	 None
     43				     ; Exit:	     None
     44				     ; Expects:	     ES	= 0b800h
     45				     ; Destroys:     ???
     46				     ;==========================================
     47	0111			     PrintFrame	     proc
     48
     49	0111  50					     push ax						     ; save AX
     50	0112  6A 4B					     push 4bh						     ; background   +
     51				     color
     52
     53	0114  33 C0					     xor ax, ax						     ; AX = 0
     54	0116  B1 50					     mov cl, FrmW				     ; CL = widht
     55	0118  D0 E9					     shr cl, 1						     ; CL /= 2
     56	011A  2A C1					     sub al, cl						     ; AL = -CL
     57	011C  F6 D4					     not ah						     ; AX = -CL/2
Turbo Assembler	 Version 4.1	    02/13/24 22:42:01	    Page 2
task1.asm



     58	011E  05 02CE					     add ax, (4*80+80/2)*2-2		     ; AX = middle + offset - widht/2
     59	0121  8B D8					     mov bx, ax						     ; BX = AX
     60
     61
     62															     ; PRINT+
     63				     FIRST LINE
     64	0123  68 00BB					     push 187d						     ; right symbol
     65	0126  68 00CD					     push 205d						     ; middle symbol
     66	0129  68 00C9					     push 201d						     ; left symbol
     67	012C  E8 0029					     call PrintLine
     68	012F  58					     pop ax						     ; clear stack
     69	0130  58					     pop ax						     ; clear stack
     70	0131  58					     pop ax						     ; clear stack
     71
     72
     73															     ; PRINT+
     74				     MIDDLE LINES
     75	0132  B9 0016					     mov cx, FrmH - 4d				     ; CX = height - 2
     76	0135  68 00BA					     push 186d						     ; right symbol
     77	0138  6A 20					     push 20h						     ; middle symbol
     78	013A  68 00BA					     push 186d						     ; left symbol
     79	013D  E8 0018		     @@Next:	     call PrintLine
     80	0140  49					     dec cx						     ; CX--
     81	0141  E2 FA					     loop @@Next
     82	0143  58					     pop ax						     ; clear stack
     83	0144  58					     pop ax						     ; clear stack
     84	0145  58					     pop ax						     ; clear stack
     85
     86
     87															     ; PRINT+
     88				     LAST LINE
     89	0146  68 00BC					     push 188d						     ; right symbol
     90	0149  68 00CD					     push 205d						     ; middle symbol
     91	014C  68 00C8					     push 200d						     ; left symbol
     92	014F  E8 0006					     call PrintLine
     93	0152  58					     pop ax
     94	0153  58					     pop ax
     95	0154  58					     pop ax
     96
     97
     98	0155  58					     pop ax						     ; clear stack  +
     99				     (background color)
    100	0156  58					     pop ax						     ; saved
    101
    102	0157  C3					     ret
    103	0158						     endp
    104
    105
    106				     ;========================================================
    107				     ; Prints one line of the frame
    108				     ;--------------------------------------------------------
    109				     ; Entry:	     BX	- the beginning	of the line printout
    110				     ; Exit:
    111				     ; Expects:	     ES	= 0b800h
    112				     ; Destroys:
    113				     ;========================================================
    114	0158			     PrintLine	     proc
Turbo Assembler	 Version 4.1	    02/13/24 22:42:01	    Page 3
task1.asm



    115
    116	0158  55					     push bp							     ; begin
    117	0159  8B EC					     mov bp, sp
    118
    119	015B  50					     push ax							     ; save +
    120				     AX
    121	015C  33 C0					     xor ax, ax							     ; AX = 0
    122	015E  8A 66 0A					     mov ah, [bp+10]					     ; background
    123	0161  8A 46 04					     mov al, [bp+4]					     ; left symbol
    124	0164  26: 89 07					     mov es:[bx], ax
    125	0167  53					     push bx							     ; save +
    126				     bx
    127	0168  83 C3 02					     add bx, 2
    128
    129
    130	016B  FC					     cld								    +
    131				     ; DF = 0 => DI++
    132	016C  51					     push cx
    133	016D  B9 0028					     mov cx, FrmW/2					     ; CX counter
    134
    135	0170  8B FB					     mov di, bx							     ; place+
    136				     chars at str beginning
    137	0172  8A 46 06					     mov al, [bp+6]					     ; middle symbol
    138	0175  F3> AB					     rep stosw							     ; while+
    139				     (cx--) {es:[di] = ax; di += 2;}
    140
    141	0177  8A 46 08					     mov al, [bp+8]
    142	017A  26: 89 05					     mov es:[di], ax
    143
    144
    145	017D  59					     pop cx							     ; saved+
    146				     CX
    147	017E  5B					     pop bx							     ; saved
    148	017F  81 C3 00A0				     add bx, 160						     ; BX +=+
    149				     160 for next line beginning
    150	0183  58					     pop ax							     ; saved+
    151				     AX
    152
    153	0184  8B E5					     mov sp, bp
    154	0186  5D					     pop bp							     ; saved+
    155				     BP
    156
    157	0187  C3					     ret
    158	0188						     endp
    159
    160
    161
    162				     end Start
Turbo Assembler	 Version 4.1	    02/13/24 22:42:01	    Page 4
Symbol Table




Symbol Name			  Type	 Value

??DATE				  Text	 "02/13/24"
??FILENAME			  Text	 "task1	  "
??TIME				  Text	 "22:42:00"
??VERSION			  Number 040A
@32BIT				  Text	 0
@@NEXT				  Near	 DGROUP:013D
@CODE				  Text	 DGROUP
@CODESIZE			  Text	 0
@CPU				  Text	 0103H
@CURSEG				  Text	 _TEXT
@DATA				  Text	 DGROUP
@DATASIZE			  Text	 0
@FILENAME			  Text	 TASK1
@INTERFACE			  Text	 000H
@MODEL				  Text	 1
@STACK				  Text	 DGROUP
@WORDSIZE			  Text	 2
FRMH				  Number 001A
FRMW				  Number 0050
PRINTFRAME			  Near	 DGROUP:0111
PRINTLINE			  Near	 DGROUP:0158
START				  Near	 DGROUP:0100

Macro Name

EXIT

Groups & Segments		  Bit Size Align  Combine Class

DGROUP				  Group
  _DATA				  16  0000 Word	  Public  DATA
  _TEXT				  16  0188 Word	  Public  CODE
